
> @figma/my-make-file@0.0.1 api
> node --watch server/index.mjs

◇ injected env (0) from .env // tip: ⌘ custom filepath { path: '/custom/path/.env' }
API listening on http://localhost:3001
Completed running 'server/index.mjs'. Waiting for file changes before restarting...
Restarting 'server/index.mjs'
◇ injected env (0) from .env // tip: ◈ secrets for agents [www.dotenvx.com]
API listening on http://localhost:3001
Completed running 'server/index.mjs'. Waiting for file changes before restarting...
Restarting 'server/index.mjs'
◇ injected env (0) from .env // tip: ⌘ suppress logs { quiet: true }
API listening on http://localhost:3001
Completed running 'server/index.mjs'. Waiting for file changes before restarting...
Restarting 'server/index.mjs'
◇ injected env (0) from .env // tip: ◈ secrets for agents [www.dotenvx.com]
API listening on http://localhost:3001
Completed running 'server/index.mjs'. Waiting for file changes before restarting...
Restarting 'server/index.mjs'
◇ injected env (0) from .env // tip: ⌘ custom filepath { path: '/custom/path/.env' }
API listening on http://localhost:3001
Completed running 'server/index.mjs'. Waiting for file changes before restarting...
Restarting 'server/index.mjs'
◇ injected env (0) from .env // tip: ⌘ multiple files { path: ['.env.local', '.env'] }
API listening on http://localhost:3001
Completed running 'server/index.mjs'. Waiting for file changes before restarting...
Restarting 'server/index.mjs'
◇ injected env (0) from .env // tip: ⌘ enable debugging { debug: true }
API listening on http://localhost:3001
Completed running 'server/index.mjs'. Waiting for file changes before restarting...
Restarting 'server/index.mjs'
◇ injected env (0) from .env // tip: ⌘ enable debugging { debug: true }
API listening on http://localhost:3001
Completed running 'server/index.mjs'. Waiting for file changes before restarting...
Restarting 'server/index.mjs'
◇ injected env (0) from .env // tip: ◈ encrypted .env [www.dotenvx.com]
API listening on http://localhost:3001
Completed running 'server/index.mjs'. Waiting for file changes before restarting...
Restarting 'server/index.mjs'
◇ injected env (7) from .env // tip: ⌘ multiple files { path: ['.env.local', '.env'] }
API listening on http://localhost:3001
Completed running 'server/index.mjs'. Waiting for file changes before restarting...
Restarting 'server/index.mjs'
◇ injected env (7) from .env // tip: ⌘ override existing { override: true }
API listening on http://localhost:3001
Completed running 'server/index.mjs'. Waiting for file changes before restarting...
Restarting 'server/index.mjs'
◇ injected env (7) from .env // tip: ⌘ override existing { override: true }
API listening on http://localhost:3001
Completed running 'server/index.mjs'. Waiting for file changes before restarting...
Restarting 'server/index.mjs'
◇ injected env (7) from .env // tip: ⌘ override existing { override: true }
API listening on http://localhost:3001
Completed running 'server/index.mjs'. Waiting for file changes before restarting...
Restarting 'server/index.mjs'
◇ injected env (7) from .env // tip: ◈ encrypted .env [www.dotenvx.com]
API listening on http://localhost:3001
Completed running 'server/index.mjs'. Waiting for file changes before restarting...
Restarting 'server/index.mjs'
◇ injected env (7) from .env // tip: ◈ secrets for agents [www.dotenvx.com]
API listening on http://localhost:3001
Completed running 'server/index.mjs'. Waiting for file changes before restarting...
Restarting 'server/index.mjs'
◇ injected env (7) from .env // tip: ◈ secrets for agents [www.dotenvx.com]
API listening on http://localhost:3001
Completed running 'server/index.mjs'. Waiting for file changes before restarting...
Restarting 'server/index.mjs'
◇ injected env (7) from .env // tip: ⌘ custom filepath { path: '/custom/path/.env' }
API listening on http://localhost:3001
Completed running 'server/index.mjs'. Waiting for file changes before restarting...
Restarting 'server/index.mjs'
◇ injected env (7) from .env // tip: ⌘ multiple files { path: ['.env.local', '.env'] }
API listening on http://localhost:3001
Completed running 'server/index.mjs'. Waiting for file changes before restarting...
Restarting 'server/index.mjs'
◇ injected env (7) from .env // tip: ⌘ enable debugging { debug: true }
API listening on http://localhost:3001
Completed running 'server/index.mjs'. Waiting for file changes before restarting...
Restarting 'server/index.mjs'
◇ injected env (7) from .env // tip: ◈ encrypted .env [www.dotenvx.com]
API listening on http://localhost:3001
Completed running 'server/index.mjs'. Waiting for file changes before restarting...
Restarting 'server/index.mjs'
◇ injected env (7) from .env // tip: ⌁ auth for agents [www.vestauth.com]
API listening on http://localhost:3001
Completed running 'server/index.mjs'. Waiting for file changes before restarting...
Restarting 'server/index.mjs'
◇ injected env (7) from .env // tip: ⌘ override existing { override: true }
API listening on http://localhost:3001
Completed running 'server/index.mjs'. Waiting for file changes before restarting...
Restarting 'server/index.mjs'
◇ injected env (7) from .env // tip: ⌘ custom filepath { path: '/custom/path/.env' }
API listening on http://localhost:3001
Completed running 'server/index.mjs'. Waiting for file changes before restarting...
Restarting 'server/index.mjs'
◇ injected env (7) from .env // tip: ⌘ custom filepath { path: '/custom/path/.env' }
API listening on http://localhost:3001
Completed running 'server/index.mjs'. Waiting for file changes before restarting...
Restarting 'server/index.mjs'
◇ injected env (7) from .env // tip: ⌘ enable debugging { debug: true }
API listening on http://localhost:3001
Completed running 'server/index.mjs'. Waiting for file changes before restarting...
Restarting 'server/index.mjs'
◇ injected env (7) from .env // tip: ⌘ custom filepath { path: '/custom/path/.env' }
API listening on http://localhost:3001
Completed running 'server/index.mjs'. Waiting for file changes before restarting...
Restarting 'server/index.mjs'
◇ injected env (7) from .env // tip: ◈ secrets for agents [www.dotenvx.com]
API listening on http://localhost:3001
Completed running 'server/index.mjs'. Waiting for file changes before restarting...
Restarting 'server/index.mjs'
◇ injected env (7) from .env // tip: ◈ secrets for agents [www.dotenvx.com]
API listening on http://localhost:3001
Completed running 'server/index.mjs'. Waiting for file changes before restarting...
Restarting 'server/index.mjs'
◇ injected env (7) from .env // tip: ⌘ override existing { override: true }
API listening on http://localhost:3001
Completed running 'server/index.mjs'. Waiting for file changes before restarting...
Restarting 'server/index.mjs'
◇ injected env (7) from .env // tip: ⌘ multiple files { path: ['.env.local', '.env'] }
API listening on http://localhost:3001
Completed running 'server/index.mjs'. Waiting for file changes before restarting...
Restarting 'server/index.mjs'
◇ injected env (7) from .env // tip: ⌁ auth for agents [www.vestauth.com]
API listening on http://localhost:3001
Completed running 'server/index.mjs'. Waiting for file changes before restarting...
Restarting 'server/index.mjs'
◇ injected env (7) from .env // tip: ⌘ override existing { override: true }
API listening on http://localhost:3001
Completed running 'server/index.mjs'. Waiting for file changes before restarting...
Restarting 'server/index.mjs'
◇ injected env (7) from .env // tip: ⌘ enable debugging { debug: true }
API listening on http://localhost:3001
Completed running 'server/index.mjs'. Waiting for file changes before restarting...
Restarting 'server/index.mjs'
◇ injected env (7) from .env // tip: ⌘ multiple files { path: ['.env.local', '.env'] }
API listening on http://localhost:3001
Completed running 'server/index.mjs'. Waiting for file changes before restarting...
Restarting 'server/index.mjs'
◇ injected env (7) from .env // tip: ⌘ override existing { override: true }
API listening on http://localhost:3001
Completed running 'server/index.mjs'. Waiting for file changes before restarting...
Restarting 'server/index.mjs'
◇ injected env (7) from .env // tip: ⌘ suppress logs { quiet: true }
API listening on http://localhost:3001
Completed running 'server/index.mjs'. Waiting for file changes before restarting...
Restarting 'server/index.mjs'
◇ injected env (7) from .env // tip: ⌘ suppress logs { quiet: true }
API listening on http://localhost:3001
Completed running 'server/index.mjs'. Waiting for file changes before restarting...
Restarting 'server/index.mjs'
◇ injected env (7) from .env // tip: ◈ secrets for agents [www.dotenvx.com]
API listening on http://localhost:3001
Completed running 'server/index.mjs'. Waiting for file changes before restarting...
Restarting 'server/index.mjs'
◇ injected env (7) from .env // tip: ⌘ custom filepath { path: '/custom/path/.env' }
API listening on http://localhost:3001
Completed running 'server/index.mjs'. Waiting for file changes before restarting...
Restarting 'server/index.mjs'
◇ injected env (7) from .env // tip: ⌘ custom filepath { path: '/custom/path/.env' }
API listening on http://localhost:3001
Completed running 'server/index.mjs'. Waiting for file changes before restarting...
Restarting 'server/index.mjs'
◇ injected env (7) from .env // tip: ◈ secrets for agents [www.dotenvx.com]
API listening on http://localhost:3001
Completed running 'server/index.mjs'. Waiting for file changes before restarting...
Restarting 'server/index.mjs'
◇ injected env (7) from .env // tip: ◈ encrypted .env [www.dotenvx.com]
API listening on http://localhost:3001
Completed running 'server/index.mjs'. Waiting for file changes before restarting...
Restarting 'server/index.mjs'
◇ injected env (7) from .env // tip: ⌘ multiple files { path: ['.env.local', '.env'] }
API listening on http://localhost:3001
Completed running 'server/index.mjs'. Waiting for file changes before restarting...
Restarting 'server/index.mjs'
◇ injected env (7) from .env // tip: ⌘ suppress logs { quiet: true }
API listening on http://localhost:3001
Completed running 'server/index.mjs'. Waiting for file changes before restarting...
Restarting 'server/index.mjs'
◇ injected env (7) from .env // tip: ⌁ auth for agents [www.vestauth.com]
API listening on http://localhost:3001
Completed running 'server/index.mjs'. Waiting for file changes before restarting...
Restarting 'server/index.mjs'
◇ injected env (7) from .env // tip: ⌁ auth for agents [www.vestauth.com]
API listening on http://localhost:3001
Completed running 'server/index.mjs'. Waiting for file changes before restarting...
Restarting 'server/index.mjs'
◇ injected env (7) from .env // tip: ⌘ enable debugging { debug: true }
API listening on http://localhost:3001
Completed running 'server/index.mjs'. Waiting for file changes before restarting...
